2024-01-09 05:17:33,732 - El gestor está escuchando SNMP Traps en 192.168.0.10, Puerto : 162
2024-01-09 05:17:33,732 - --------------------------------------------------------------------------
2024-01-09 05:17:49,129 - Nuevo mensaje de traps recibido
2024-01-09 05:17:49,129 - 1.3.6.1.2.1.1.3.0 = 395770
2024-01-09 05:17:49,129 - 1.3.6.1.6.3.1.1.4.1.0 = 1.3.6.1.6.3.1.1.5.3
2024-01-09 05:17:49,129 - 1.3.6.1.6.3.18.1.3.0 = 192.168.0.1
2024-01-09 05:17:49,129 - 1.3.6.1.6.3.18.1.4.0 = public
2024-01-09 05:17:49,129 - 1.3.6.1.6.3.1.1.4.3.0 = 1.3.6.1.6.3.1.1.5
2024-01-09 05:17:49,129 - 1.3.6.1.2.1.2.2.1.1.4 = 4
2024-01-09 05:17:49,129 - 1.3.6.1.2.1.2.2.1.2.4 = FastEthernet2/0
2024-01-09 05:17:49,129 - 1.3.6.1.2.1.2.2.1.3.4 = 6
2024-01-09 05:17:49,129 - 1.3.6.1.4.1.9.2.2.1.1.20.4 = administratively down
2024-01-09 05:17:49,129 - ==== Fin del mensaje de la trampa ====
2024-01-09 05:17:52,989 - 127.0.0.1 - - [09/Jan/2024 05:17:52] "GET /routers/TDR-1/interfaces/fa2-0/grafica/estado HTTP/1.1" 200 -
2024-01-09 05:18:02,424 - Nuevo mensaje de traps recibido
2024-01-09 05:18:02,424 - 1.3.6.1.2.1.1.3.0 = 397099
2024-01-09 05:18:02,424 - 1.3.6.1.6.3.1.1.4.1.0 = 1.3.6.1.6.3.1.1.5.4
2024-01-09 05:18:02,425 - 1.3.6.1.6.3.18.1.3.0 = 192.168.0.1
2024-01-09 05:18:02,425 - 1.3.6.1.6.3.18.1.4.0 = public
2024-01-09 05:18:02,425 - 1.3.6.1.6.3.1.1.4.3.0 = 1.3.6.1.6.3.1.1.5
2024-01-09 05:18:02,425 - 1.3.6.1.2.1.2.2.1.1.4 = 4
2024-01-09 05:18:02,425 - 1.3.6.1.2.1.2.2.1.2.4 = FastEthernet2/0
2024-01-09 05:18:02,425 - 1.3.6.1.2.1.2.2.1.3.4 = 6
2024-01-09 05:18:02,425 - 1.3.6.1.4.1.9.2.2.1.1.20.4 = Keepalive OK
2024-01-09 05:18:02,425 - ==== Fin del mensaje de la trampa ====
2024-01-09 05:18:06,141 - 127.0.0.1 - - [09/Jan/2024 05:18:06] "GET /routers/TDR-1/interfaces/fa2-0/grafica/estado HTTP/1.1" 200 -
2024-01-09 06:01:51,999 - 127.0.0.1 - - [09/Jan/2024 06:01:51] "GET /routers/TDR-1/interfaces/fa1-0/estado HTTP/1.1" 200 -
2024-01-09 06:01:58,016 - 127.0.0.1 - - [09/Jan/2024 06:01:58] "[32mGET /routers/TDR-1/interfaces/fa1-0/octetos HTTP/1.1[0m" 308 -
2024-01-09 06:02:26,887 - 127.0.0.1 - - [09/Jan/2024 06:02:26] "[33mGET /routers/TDR-1/interfaces/fa1-0/octetos/ HTTP/1.1[0m" 404 -
2024-01-09 06:02:40,887 - 127.0.0.1 - - [09/Jan/2024 06:02:40] "GET /routers/TDR-1/interfaces/fa1-1/octetos/ HTTP/1.1" 200 -
2024-01-09 06:04:20,311 - 127.0.0.1 - - [09/Jan/2024 06:04:20] "POST /routers/TDR-1/interfaces/fa1-0/octetos/500 HTTP/1.1" 200 -
2024-01-09 06:05:00,072 - 127.0.0.1 - - [09/Jan/2024 06:05:00] "DELETE /routers/TDR-1/interfaces/fa1-0/octetos/ HTTP/1.1" 200 -
2024-01-09 06:06:03,815 - 127.0.0.1 - - [09/Jan/2024 06:06:03] "[33mGET /routers/TDR-1/interfaces/fa1-0/estado/ HTTP/1.1[0m" 404 -
2024-01-09 06:06:43,839 - 127.0.0.1 - - [09/Jan/2024 06:06:43] "GET /routers/TDR-1/interfaces/fa1-0/estado HTTP/1.1" 200 -
2024-01-09 06:06:53,708 - 127.0.0.1 - - [09/Jan/2024 06:06:53] "GET /routers/TDR-1/interfaces/fa1-1/estado HTTP/1.1" 200 -
2024-01-09 06:07:00,766 - 127.0.0.1 - - [09/Jan/2024 06:07:00] "GET /routers/TDR-1/interfaces/fa3-1/estado HTTP/1.1" 200 -
2024-01-09 06:07:45,267 - 127.0.0.1 - - [09/Jan/2024 06:07:45] "POST /routers/TDR-1/interfaces/fa3-1/estado HTTP/1.1" 200 -
2024-01-09 06:08:44,648 - 127.0.0.1 - - [09/Jan/2024 06:08:44] "DELETE /routers/TDR-1/interfaces/fa3-1/estado HTTP/1.1" 200 -
2024-01-09 06:53:32,267 - 127.0.0.1 - - [09/Jan/2024 06:53:32] "DELETE /routers/TDR-1/interfaces/fa2-0/estado HTTP/1.1" 200 -
2024-01-09 06:54:17,232 - Nuevo mensaje de traps recibido
2024-01-09 06:54:17,232 - Ignorando mensaje debido a filtro
2024-01-09 06:54:43,503 - 127.0.0.1 - - [09/Jan/2024 06:54:43] "POST /routers/TDR-1/interfaces/fa2-0/estado HTTP/1.1" 200 -
2024-01-09 06:55:04,523 - Nuevo mensaje de traps recibido
2024-01-09 06:55:04,523 - 1.3.6.1.2.1.1.3.0 = 979298
2024-01-09 06:55:04,523 - 1.3.6.1.6.3.1.1.4.1.0 = 1.3.6.1.6.3.1.1.5.4
2024-01-09 06:55:04,523 - 1.3.6.1.6.3.18.1.3.0 = 192.168.0.1
2024-01-09 06:55:04,523 - 1.3.6.1.6.3.18.1.4.0 = public
2024-01-09 06:55:04,523 - 1.3.6.1.6.3.1.1.4.3.0 = 1.3.6.1.6.3.1.1.5
2024-01-09 06:55:04,523 - 1.3.6.1.2.1.2.2.1.1.4 = 4
2024-01-09 06:55:04,524 - 1.3.6.1.2.1.2.2.1.2.4 = FastEthernet2/0
2024-01-09 06:55:04,524 - 1.3.6.1.2.1.2.2.1.3.4 = 6
2024-01-09 06:55:04,524 - 1.3.6.1.4.1.9.2.2.1.1.20.4 = Keepalive OK
2024-01-09 06:55:04,524 - ==== Fin del mensaje de la trampa ====
2024-01-09 07:24:40,364 - 127.0.0.1 - - [09/Jan/2024 07:24:40] "[31m[1mDELETE /routers/R2/interfaces/fa2-0/octetos/200 HTTP/1.1[0m" 405 -
2024-01-09 07:24:58,942 - 127.0.0.1 - - [09/Jan/2024 07:24:58] "POST /routers/R2/interfaces/fa2-0/octetos/180 HTTP/1.1" 200 -
2024-01-09 07:26:38,746 - Nuevo mensaje de traps recibido
2024-01-09 07:26:38,746 - 1.3.6.1.2.1.1.3.0 = 1120035
2024-01-09 07:26:38,746 - 1.3.6.1.6.3.1.1.4.1.0 = 1.3.6.1.6.3.1.1.5.3
2024-01-09 07:26:38,746 - 1.3.6.1.6.3.18.1.3.0 = 10.10.10.13
2024-01-09 07:26:38,747 - 1.3.6.1.6.3.18.1.4.0 = public
2024-01-09 07:26:38,747 - 1.3.6.1.6.3.1.1.4.3.0 = 1.3.6.1.6.3.1.1.5
2024-01-09 07:26:38,747 - 1.3.6.1.2.1.2.2.1.1.4 = 4
2024-01-09 07:26:38,747 - 1.3.6.1.2.1.2.2.1.2.4 = FastEthernet2/0
2024-01-09 07:26:38,747 - 1.3.6.1.2.1.2.2.1.3.4 = 6
2024-01-09 07:26:38,747 - 1.3.6.1.4.1.9.2.2.1.1.20.4 = administratively down
2024-01-09 07:26:38,747 - ==== Fin del mensaje de la trampa ====
2024-01-09 07:27:19,684 - Nuevo mensaje de traps recibido
2024-01-09 07:27:19,684 - 1.3.6.1.2.1.1.3.0 = 1124128
2024-01-09 07:27:19,684 - 1.3.6.1.6.3.1.1.4.1.0 = 1.3.6.1.6.3.1.1.5.4
2024-01-09 07:27:19,684 - 1.3.6.1.6.3.18.1.3.0 = 10.10.10.13
2024-01-09 07:27:19,684 - 1.3.6.1.6.3.18.1.4.0 = public
2024-01-09 07:27:19,684 - 1.3.6.1.6.3.1.1.4.3.0 = 1.3.6.1.6.3.1.1.5
2024-01-09 07:27:19,685 - 1.3.6.1.2.1.2.2.1.1.4 = 4
2024-01-09 07:27:19,685 - 1.3.6.1.2.1.2.2.1.2.4 = FastEthernet2/0
2024-01-09 07:27:19,685 - 1.3.6.1.2.1.2.2.1.3.4 = 6
2024-01-09 07:27:19,685 - 1.3.6.1.4.1.9.2.2.1.1.20.4 = Keepalive OK
2024-01-09 07:27:19,685 - ==== Fin del mensaje de la trampa ====
2024-01-09 07:29:33,188 - 127.0.0.1 - - [09/Jan/2024 07:29:33] "GET /routers/R2/interfaces/fa2-0/grafica/octetos HTTP/1.1" 200 -
2024-01-09 07:29:54,613 - 127.0.0.1 - - [09/Jan/2024 07:29:54] "GET /routers/R2/interfaces/fa2-0/grafica/estado HTTP/1.1" 200 -
2024-01-09 07:34:04,420 - Nuevo mensaje de traps recibido
2024-01-09 07:34:04,420 - 1.3.6.1.2.1.1.3.0 = 489
2024-01-09 07:34:04,420 - 1.3.6.1.6.3.1.1.4.1.0 = 1.3.6.1.6.3.1.1.5.3
2024-01-09 07:34:04,420 - 1.3.6.1.6.3.18.1.3.0 = 10.10.10.17
2024-01-09 07:34:04,420 - 1.3.6.1.6.3.18.1.4.0 = public
2024-01-09 07:34:04,420 - 1.3.6.1.6.3.1.1.4.3.0 = 1.3.6.1.6.3.1.1.5
2024-01-09 07:34:04,420 - 1.3.6.1.2.1.2.2.1.1.1 = 1
2024-01-09 07:34:04,420 - 1.3.6.1.2.1.2.2.1.2.1 = FastEthernet0/0
2024-01-09 07:34:04,420 - 1.3.6.1.2.1.2.2.1.3.1 = 6
2024-01-09 07:34:04,420 - 1.3.6.1.4.1.9.2.2.1.1.20.1 = administratively down
2024-01-09 07:34:04,420 - ==== Fin del mensaje de la trampa ====
2024-01-09 07:34:04,666 - Nuevo mensaje de traps recibido
2024-01-09 07:34:04,666 - 1.3.6.1.2.1.1.3.0 = 507
2024-01-09 07:34:04,666 - 1.3.6.1.6.3.1.1.4.1.0 = 1.3.6.1.6.3.1.1.5.3
2024-01-09 07:34:04,666 - 1.3.6.1.6.3.18.1.3.0 = 10.10.10.17
2024-01-09 07:34:04,666 - 1.3.6.1.6.3.18.1.4.0 = public
2024-01-09 07:34:04,666 - 1.3.6.1.6.3.1.1.4.3.0 = 1.3.6.1.6.3.1.1.5
2024-01-09 07:34:04,667 - 1.3.6.1.2.1.2.2.1.1.3 = 3
2024-01-09 07:34:04,667 - 1.3.6.1.2.1.2.2.1.2.3 = FastEthernet1/1
2024-01-09 07:34:04,667 - 1.3.6.1.2.1.2.2.1.3.3 = 6
2024-01-09 07:34:04,667 - 1.3.6.1.4.1.9.2.2.1.1.20.3 = administratively down
2024-01-09 07:34:04,667 - ==== Fin del mensaje de la trampa ====
2024-01-09 07:34:04,915 - Nuevo mensaje de traps recibido
2024-01-09 07:34:04,915 - 1.3.6.1.2.1.1.3.0 = 517
2024-01-09 07:34:04,915 - 1.3.6.1.6.3.1.1.4.1.0 = 1.3.6.1.6.3.1.1.5.3
2024-01-09 07:34:04,915 - 1.3.6.1.6.3.18.1.3.0 = 10.10.10.17
2024-01-09 07:34:04,915 - 1.3.6.1.6.3.18.1.4.0 = public
2024-01-09 07:34:04,915 - 1.3.6.1.6.3.1.1.4.3.0 = 1.3.6.1.6.3.1.1.5
2024-01-09 07:34:04,915 - 1.3.6.1.2.1.2.2.1.1.6 = 6
2024-01-09 07:34:04,915 - 1.3.6.1.2.1.2.2.1.2.6 = FastEthernet3/0
2024-01-09 07:34:04,915 - 1.3.6.1.2.1.2.2.1.3.6 = 6
2024-01-09 07:34:04,916 - 1.3.6.1.4.1.9.2.2.1.1.20.6 = administratively down
2024-01-09 07:34:04,916 - ==== Fin del mensaje de la trampa ====
2024-01-09 07:34:05,176 - Nuevo mensaje de traps recibido
2024-01-09 07:34:05,177 - Ignorando mensaje debido a filtro
2024-01-09 07:34:05,424 - Nuevo mensaje de traps recibido
2024-01-09 07:34:05,424 - 1.3.6.1.2.1.1.3.0 = 517
2024-01-09 07:34:05,424 - 1.3.6.1.6.3.1.1.4.1.0 = 1.3.6.1.6.3.1.1.5.3
2024-01-09 07:34:05,424 - 1.3.6.1.6.3.18.1.3.0 = 10.10.10.17
2024-01-09 07:34:05,424 - 1.3.6.1.6.3.18.1.4.0 = public
2024-01-09 07:34:05,424 - 1.3.6.1.6.3.1.1.4.3.0 = 1.3.6.1.6.3.1.1.5
2024-01-09 07:34:05,424 - 1.3.6.1.2.1.2.2.1.1.8 = 8
2024-01-09 07:34:05,425 - 1.3.6.1.2.1.2.2.1.2.8 = FastEthernet4/0
2024-01-09 07:34:05,425 - 1.3.6.1.2.1.2.2.1.3.8 = 6
2024-01-09 07:34:05,425 - 1.3.6.1.4.1.9.2.2.1.1.20.8 = administratively down
2024-01-09 07:34:05,425 - ==== Fin del mensaje de la trampa ====
2024-01-09 07:34:05,671 - Nuevo mensaje de traps recibido
2024-01-09 07:34:05,671 - 1.3.6.1.2.1.1.3.0 = 518
2024-01-09 07:34:05,671 - 1.3.6.1.6.3.1.1.4.1.0 = 1.3.6.1.6.3.1.1.5.3
2024-01-09 07:34:05,671 - 1.3.6.1.6.3.18.1.3.0 = 10.10.10.17
2024-01-09 07:34:05,671 - 1.3.6.1.6.3.18.1.4.0 = public
2024-01-09 07:34:05,671 - 1.3.6.1.6.3.1.1.4.3.0 = 1.3.6.1.6.3.1.1.5
2024-01-09 07:34:05,671 - 1.3.6.1.2.1.2.2.1.1.9 = 9
2024-01-09 07:34:05,671 - 1.3.6.1.2.1.2.2.1.2.9 = FastEthernet4/1
2024-01-09 07:34:05,671 - 1.3.6.1.2.1.2.2.1.3.9 = 6
2024-01-09 07:34:05,671 - 1.3.6.1.4.1.9.2.2.1.1.20.9 = administratively down
2024-01-09 07:34:05,672 - ==== Fin del mensaje de la trampa ====
2024-01-09 07:34:05,918 - Nuevo mensaje de traps recibido
2024-01-09 07:34:05,918 - 1.3.6.1.2.1.1.3.0 = 518
2024-01-09 07:34:05,918 - 1.3.6.1.6.3.1.1.4.1.0 = 1.3.6.1.6.3.1.1.5.3
2024-01-09 07:34:05,918 - 1.3.6.1.6.3.18.1.3.0 = 10.10.10.17
2024-01-09 07:34:05,918 - 1.3.6.1.6.3.18.1.4.0 = public
2024-01-09 07:34:05,919 - 1.3.6.1.6.3.1.1.4.3.0 = 1.3.6.1.6.3.1.1.5
2024-01-09 07:34:05,919 - 1.3.6.1.2.1.2.2.1.1.10 = 10
2024-01-09 07:34:05,919 - 1.3.6.1.2.1.2.2.1.2.10 = FastEthernet5/0
2024-01-09 07:34:05,919 - 1.3.6.1.2.1.2.2.1.3.10 = 6
2024-01-09 07:34:05,919 - 1.3.6.1.4.1.9.2.2.1.1.20.10 = administratively down
2024-01-09 07:34:05,919 - ==== Fin del mensaje de la trampa ====
2024-01-09 07:34:06,181 - Nuevo mensaje de traps recibido
2024-01-09 07:34:06,181 - 1.3.6.1.2.1.1.3.0 = 518
2024-01-09 07:34:06,181 - 1.3.6.1.6.3.1.1.4.1.0 = 1.3.6.1.6.3.1.1.5.3
2024-01-09 07:34:06,181 - 1.3.6.1.6.3.18.1.3.0 = 10.10.10.17
2024-01-09 07:34:06,181 - 1.3.6.1.6.3.18.1.4.0 = public
2024-01-09 07:34:06,181 - 1.3.6.1.6.3.1.1.4.3.0 = 1.3.6.1.6.3.1.1.5
2024-01-09 07:34:06,181 - 1.3.6.1.2.1.2.2.1.1.11 = 11
2024-01-09 07:34:06,181 - 1.3.6.1.2.1.2.2.1.2.11 = FastEthernet5/1
2024-01-09 07:34:06,181 - 1.3.6.1.2.1.2.2.1.3.11 = 6
2024-01-09 07:34:06,181 - 1.3.6.1.4.1.9.2.2.1.1.20.11 = administratively down
2024-01-09 07:34:06,181 - ==== Fin del mensaje de la trampa ====
2024-01-09 07:34:06,426 - Nuevo mensaje de traps recibido
2024-01-09 07:34:06,426 - 1.3.6.1.2.1.1.3.0 = 520
2024-01-09 07:34:06,426 - 1.3.6.1.6.3.1.1.4.1.0 = 1.3.6.1.6.3.1.1.5.3
2024-01-09 07:34:06,426 - 1.3.6.1.6.3.18.1.3.0 = 10.10.10.17
2024-01-09 07:34:06,426 - 1.3.6.1.6.3.18.1.4.0 = public
2024-01-09 07:34:06,426 - 1.3.6.1.6.3.1.1.4.3.0 = 1.3.6.1.6.3.1.1.5
2024-01-09 07:34:06,427 - 1.3.6.1.2.1.2.2.1.1.12 = 12
2024-01-09 07:34:06,427 - 1.3.6.1.2.1.2.2.1.2.12 = FastEthernet6/0
2024-01-09 07:34:06,427 - 1.3.6.1.2.1.2.2.1.3.12 = 6
2024-01-09 07:34:06,427 - 1.3.6.1.4.1.9.2.2.1.1.20.12 = administratively down
2024-01-09 07:34:06,427 - ==== Fin del mensaje de la trampa ====
2024-01-09 07:34:06,689 - Nuevo mensaje de traps recibido
2024-01-09 07:34:06,689 - 1.3.6.1.2.1.1.3.0 = 520
2024-01-09 07:34:06,689 - 1.3.6.1.6.3.1.1.4.1.0 = 1.3.6.1.6.3.1.1.5.3
2024-01-09 07:34:06,689 - 1.3.6.1.6.3.18.1.3.0 = 10.10.10.17
2024-01-09 07:34:06,689 - 1.3.6.1.6.3.18.1.4.0 = public
2024-01-09 07:34:06,690 - 1.3.6.1.6.3.1.1.4.3.0 = 1.3.6.1.6.3.1.1.5
2024-01-09 07:34:06,690 - 1.3.6.1.2.1.2.2.1.1.13 = 13
2024-01-09 07:34:06,690 - 1.3.6.1.2.1.2.2.1.2.13 = FastEthernet6/1
2024-01-09 07:34:06,690 - 1.3.6.1.2.1.2.2.1.3.13 = 6
2024-01-09 07:34:06,690 - 1.3.6.1.4.1.9.2.2.1.1.20.13 = administratively down
2024-01-09 07:34:06,690 - ==== Fin del mensaje de la trampa ====
